Build started 9/19/2018 9:19:22 AM.
Environment at start of build:
ALLUSERSPROFILE = C:\ProgramData
APPDATA = C:\Users\Owner\AppData\Roaming
CLIENTNAME = TPF-PC167
CommonProgramFiles = C:\Program Files (x86)\Common Files
CommonProgramFiles(x86) = C:\Program Files (x86)\Common Files
CommonProgramW6432 = C:\Program Files\Common Files
COMPILE = "C:\WINDOWS\Microsoft.NET\Framework\v4.0.30319\msbuild.exe"
COMPUTERNAME = TOT
ComSpec = C:\WINDOWS\system32\cmd.exe
config = Release
DriverData = C:\Windows\System32\Drivers\DriverData
FSHARPINSTALLDIR = C:\Program Files (x86)\Microsoft SDKs\F#\10.1\Framework\v4.0\
HOMEDRIVE = C:
HOMEPATH = \Users\Owner
LOCALAPPDATA = C:\Users\Owner\AppData\Local
LOG = E:\repos\LongTech.BuildTools\longtech-buildtools.log
LOGONSERVER = \\TOT
MSBuildLoadMicrosoftTargetsReadOnly = true
MSMPI_BIN = C:\Program Files\Microsoft MPI\Bin\
NUGET = "..\LongTech.BuildTools\.nuget\nuget.exe"
NUMBER_OF_PROCESSORS = 4
OneDrive = C:\Users\Owner\OneDrive
OS = Windows_NT
PACK = ".\LongTech.BuildTools\_BuildSolution.bat"
Path = C:\Program Files\Microsoft MPI\Bin\;C:\WINDOWS\system32;C:\WINDOWS;C:\WINDOWS\System32\Wbem;C:\WINDOWS\System32\WindowsPowerShell\v1.0\;C:\Program Files\PuTTY\;c:\Program Files (x86)\Microsoft SQL Server\110\Tools\Binn\;c:\Program Files\Microsoft SQL Server\110\Tools\Binn\;c:\Program Files\Microsoft SQL Server\110\DTS\Binn\;c:\Program Files (x86)\Microsoft SQL Server\110\Tools\Binn\ManagementStudio\;c:\Program Files (x86)\Microsoft SQL Server\110\DTS\Binn\;C:\Program Files\Microsoft\Web Platform Installer\;C:\Program Files\dotnet\;C:\Program Files\Microsoft SQL Server\130\Tools\Binn\;C:\Program Files\Git\cmd;C:\WINDOWS\System32\OpenSSH\;C:\Program Files (x86)\Microsoft SQL Server\140\Tools\Binn\;C:\Program Files\Microsoft SQL Server\140\Tools\Binn\;C:\Program Files (x86)\Microsoft SQL Server\140\DTS\Binn\;C:\Program Files\Microsoft SQL Server\140\DTS\Binn\;C:\Program Files\Microsoft SQL Server\Client SDK\ODBC\130\Tools\Binn\;C:\Program Files (x86)\Microsoft SQL Server\Client SDK\ODBC\130\Tools\Binn\;C:\Program Files (x86)\Microsoft SQL Server\140\Tools\Binn\ManagementStudio\;C:\Users\Owner\AppData\Local\Microsoft\WindowsApps;
PATHEXT = .COM;.EXE;.BAT;.CMD;.VBS;.VBE;.JS;.JSE;.WSF;.WSH;.MSC
PROCESSOR_ARCHITECTURE = x86
PROCESSOR_ARCHITEW6432 = AMD64
PROCESSOR_IDENTIFIER = Intel64 Family 6 Model 60 Stepping 3, GenuineIntel
PROCESSOR_LEVEL = 6
PROCESSOR_REVISION = 3c03
ProgramData = C:\ProgramData
ProgramFiles = C:\Program Files (x86)
ProgramFiles(x86) = C:\Program Files (x86)
ProgramW6432 = C:\Program Files
PROMPT = $P$G
PSModulePath = C:\WINDOWS\system32\WindowsPowerShell\v1.0\Modules\;c:\Program Files (x86)\Microsoft SQL Server\110\Tools\PowerShell\Modules\;C:\Program Files (x86)\Microsoft SQL Server\140\Tools\PowerShell\Modules\
PUBLIC = C:\Users\Public
SESSIONNAME = RDP-Tcp#9
SystemDrive = C:
SystemRoot = C:\WINDOWS
TEMP = C:\Users\Owner\AppData\Local\Temp
TMP = C:\Users\Owner\AppData\Local\Temp
USERDOMAIN = TOT
USERDOMAIN_ROAMINGPROFILE = TOT
USERNAME = Owner
USERPROFILE = C:\Users\Owner
version = "1.5.0"
windir = C:\WINDOWS

09:19:22.883     0>Using the MSBuild v3.5 solution wrapper generator with a tools version of 3.5 because the solution file format was version 10 and no tools version was supplied.
09:19:22.898     1>Project "E:\repos\RegeditCE\RegeditCE.sln" on node 1 (default targets).
09:19:22.898     1>Initial Properties:
                   _SolutionProjectCacheVersion = 4.0
                   _SolutionProjectConfiguration = Debug|Any CPU
                   _SolutionProjectToolsVersion = 3.5
                   ALLUSERSPROFILE = C:\ProgramData
                   APPDATA = C:\Users\Owner\AppData\Roaming
                   AspNetConfiguration = Release-Net45
                   CLIENTNAME = TPF-PC167
                   CommonProgramFiles = C:\Program Files (x86)\Common Files
                   CommonProgramW6432 = C:\Program Files\Common Files
                   COMPILE = "C:\WINDOWS\Microsoft.NET\Framework\v4.0.30319\msbuild.exe"
                   COMPUTERNAME = TOT
                   ComSpec = C:\WINDOWS\system32\cmd.exe
                   config = Release
                   Configuration = Release-Net45
                   DriverData = C:\Windows\System32\Drivers\DriverData
                   FSHARPINSTALLDIR = C:\Program Files (x86)\Microsoft SDKs\F#\10.1\Framework\v4.0\
                   HOMEDRIVE = C:
                   HOMEPATH = \Users\Owner
                   LOCALAPPDATA = C:\Users\Owner\AppData\Local
                   LOG = E:\repos\LongTech.BuildTools\longtech-buildtools.log
                   LOGONSERVER = \\TOT
                   MSBuildBinPath = C:\Windows\Microsoft.NET\Framework\v3.5
                   MSBuildExtensionsPath = C:\Program Files (x86)\MSBuild
                   MSBuildExtensionsPath32 = C:\Program Files (x86)\MSBuild
                   MSBuildExtensionsPath64 = C:\Program Files\MSBuild
                   MSBuildLoadMicrosoftTargetsReadOnly = true
                   MSBuildNodeCount = 4
                   MSBuildProgramFiles32 = C:\Program Files (x86)
                   MSBuildProjectDefaultTargets = Build
                   MSBuildProjectDirectory = E:\repos\RegeditCE
                   MSBuildStartupDirectory = E:\repos\RegeditCE
                   MSBuildToolsPath = C:\Windows\Microsoft.NET\Framework\v3.5
                   MSBuildToolsVersion = 3.5
                   MSBuildUserExtensionsPath = C:\Users\Owner\AppData\Local\Microsoft\MSBuild
                   MSMPI_BIN = C:\Program Files\Microsoft MPI\Bin\
                   NUGET = "..\LongTech.BuildTools\.nuget\nuget.exe"
                   NUMBER_OF_PROCESSORS = 4
                   OneDrive = C:\Users\Owner\OneDrive
                   OS = Windows_NT
                   PACK = ".\LongTech.BuildTools\_BuildSolution.bat"
                   Path = C:\Program Files\Microsoft MPI\Bin\;C:\WINDOWS\system32;C:\WINDOWS;C:\WINDOWS\System32\Wbem;C:\WINDOWS\System32\WindowsPowerShell\v1.0\;C:\Program Files\PuTTY\;c:\Program Files (x86)\Microsoft SQL Server\110\Tools\Binn\;c:\Program Files\Microsoft SQL Server\110\Tools\Binn\;c:\Program Files\Microsoft SQL Server\110\DTS\Binn\;c:\Program Files (x86)\Microsoft SQL Server\110\Tools\Binn\ManagementStudio\;c:\Program Files (x86)\Microsoft SQL Server\110\DTS\Binn\;C:\Program Files\Microsoft\Web Platform Installer\;C:\Program Files\dotnet\;C:\Program Files\Microsoft SQL Server\130\Tools\Binn\;C:\Program Files\Git\cmd;C:\WINDOWS\System32\OpenSSH\;C:\Program Files (x86)\Microsoft SQL Server\140\Tools\Binn\;C:\Program Files\Microsoft SQL Server\140\Tools\Binn\;C:\Program Files (x86)\Microsoft SQL Server\140\DTS\Binn\;C:\Program Files\Microsoft SQL Server\140\DTS\Binn\;C:\Program Files\Microsoft SQL Server\Client SDK\ODBC\130\Tools\Binn\;C:\Program Files (x86)\Microsoft SQL Server\Client SDK\ODBC\130\Tools\Binn\;C:\Program Files (x86)\Microsoft SQL Server\140\Tools\Binn\ManagementStudio\;C:\Users\Owner\AppData\Local\Microsoft\WindowsApps;
                   PATHEXT = .COM;.EXE;.BAT;.CMD;.VBS;.VBE;.JS;.JSE;.WSF;.WSH;.MSC
                   Platform = Any CPU
                   PROCESSOR_ARCHITECTURE = x86
                   PROCESSOR_ARCHITEW6432 = AMD64
                   PROCESSOR_IDENTIFIER = Intel64 Family 6 Model 60 Stepping 3, GenuineIntel
                   PROCESSOR_LEVEL = 6
                   PROCESSOR_REVISION = 3c03
                   ProgramData = C:\ProgramData
                   ProgramFiles = C:\Program Files (x86)
                   ProgramW6432 = C:\Program Files
                   PROMPT = $P$G
                   PSModulePath = C:\WINDOWS\system32\WindowsPowerShell\v1.0\Modules\;c:\Program Files (x86)\Microsoft SQL Server\110\Tools\PowerShell\Modules\;C:\Program Files (x86)\Microsoft SQL Server\140\Tools\PowerShell\Modules\
                   PUBLIC = C:\Users\Public
                   SESSIONNAME = RDP-Tcp#9
                   SolutionDir = E:\repos\RegeditCE\
                   SolutionExt = .sln
                   SolutionFileName = RegeditCE.sln
                   SolutionName = RegeditCE
                   SolutionPath = E:\repos\RegeditCE\RegeditCE.sln
                   SystemDrive = C:
                   SystemRoot = C:\WINDOWS
                   TargetFrameworkVersion = v3.5
                   TEMP = C:\Users\Owner\AppData\Local\Temp
                   TMP = C:\Users\Owner\AppData\Local\Temp
                   USERDOMAIN = TOT
                   USERDOMAIN_ROAMINGPROFILE = TOT
                   USERNAME = Owner
                   USERPROFILE = C:\Users\Owner
                   version = "1.5.0"
                   windir = C:\WINDOWS

09:19:22.898     1>Initial Items:
                   _SolutionProjectProjects
                       Regedit.CE.vddproj
                       Regedit.PPC.vddproj
                       Regedit.WM5.PPC.vddproj
                       Regedit.WM5.Smartphone.vddproj
                       RegeditCE-CE.csproj
                       RegeditCE-PPC.csproj
                       RegeditCE-WinMob5-PPC.csproj
                       RegeditCE-WinMob5-Smart.csproj

09:19:22.898     1>Building with tools version "2.0".
09:19:22.898     1>Target "ValidateSolutionConfiguration: (TargetId:2)" in file "" from project "E:\repos\RegeditCE\RegeditCE.sln" (entry point):
                   Using "Error" task from assembly "Microsoft.Build.Tasks.v3.5, Version=3.5.0.0, Culture=neutral, PublicKeyToken=b03f5f7f11d50a3a".
                   Task "Error" (TaskId:2)
09:19:22.914     1>MSBUILD : error MSB4126: The specified solution configuration "Release-Net45|Any CPU" is invalid. Please specify a valid solution configuration using the Configuration and Platform properties (e.g. MSBuild.exe Solution.sln /p:Configuration=Debug /p:Platform="Any CPU") or leave those properties blank to use the default solution configuration. [E:\repos\RegeditCE\RegeditCE.sln]
                   Done executing task "Error" -- FAILED. (TaskId:2)
09:19:22.914     1>Done building target "ValidateSolutionConfiguration" in project "RegeditCE.sln" -- FAILED.: (TargetId:2)
09:19:22.914     1>Done Building Project "E:\repos\RegeditCE\RegeditCE.sln" (default targets) -- FAILED.

Project Performance Summary:
       16 ms  E:\repos\RegeditCE\RegeditCE.sln           1 calls

Target Performance Summary:
       16 ms  ValidateSolutionConfiguration              1 calls

Task Performance Summary:
        0 ms  Error                                      1 calls

Build FAILED.

                   "E:\repos\RegeditCE\RegeditCE.sln" (default target) (1) ->
                   (ValidateSolutionConfiguration target) -> 
                     MSBUILD : error MSB4126: The specified solution configuration "Release-Net45|Any CPU" is invalid. Please specify a valid solution configuration using the Configuration and Platform properties (e.g. MSBuild.exe Solution.sln /p:Configuration=Debug /p:Platform="Any CPU") or leave those properties blank to use the default solution configuration. [E:\repos\RegeditCE\RegeditCE.sln]

    0 Warning(s)
    1 Error(s)

Time Elapsed 00:00:00.04
